<?xml version="1.0" encoding="UTF-8"?>
<!-- Generated by org.testng.reporters.JUnitReportReporter -->
<testsuite hostname="VICKS-PC" failures="0" tests="7" name="com.codebase.WebTestClass2" time="10.936" errors="1" timestamp="25 Apr 2018 12:23:29 GMT" skipped="6">
  <testcase classname="com.codebase.WebTestClass2" name="Test06_Verify_Country_Name" time="0.000">
    <skipped/>
  </testcase> <!-- Test06_Verify_Country_Name -->
  <testcase classname="com.codebase.WebTestClass2" name="beforeClass" time="10.936">
    <error message="D:\workspace\ExcelReports\TestCases\testCases.xlxs (The system cannot find the file specified)" type="java.io.FileNotFoundException">
      <![CDATA[java.io.FileNotFoundException: D:\workspace\ExcelReports\TestCases\testCases.xlxs (The system cannot find the file specified)
at java.base/java.io.FileInputStream.open0(Native Method)
at java.base/java.io.FileInputStream.open(FileInputStream.java:196)
at java.base/java.io.FileInputStream.<init>(FileInputStream.java:139)
at com.resources.DSLLibDesktop.xlRead(DSLLibDesktop.java:247)
at com.codebase.WebTestClass2.beforeClass(WebTestClass2.java:29)
at java.base/jdk.internal.reflect.NativeMethodAccessorImpl.invoke0(Native Method)
at java.base/jdk.internal.reflect.NativeMethodAccessorImpl.invoke(NativeMethodAccessorImpl.java:62)
at java.base/jdk.internal.reflect.DelegatingMethodAccessorImpl.invoke(DelegatingMethodAccessorImpl.java:43)
at java.base/java.lang.reflect.Method.invoke(Method.java:564)
at org.testng.internal.MethodInvocationHelper.invokeMethod(MethodInvocationHelper.java:124)
at org.testng.internal.MethodInvocationHelper.invokeMethodConsideringTimeout(MethodInvocationHelper.java:59)
at org.testng.internal.Invoker.invokeConfigurationMethod(Invoker.java:455)
at org.testng.internal.Invoker.invokeConfigurations(Invoker.java:222)
at org.testng.internal.Invoker.invokeConfigurations(Invoker.java:142)
at org.testng.internal.TestMethodWorker.invokeBeforeClassMethods(TestMethodWorker.java:168)
at org.testng.internal.TestMethodWorker.run(TestMethodWorker.java:105)
at org.testng.TestRunner.privateRun(TestRunner.java:648)
at org.testng.TestRunner.run(TestRunner.java:505)
at org.testng.SuiteRunner.runTest(SuiteRunner.java:455)
at org.testng.SuiteRunner.runSequentially(SuiteRunner.java:450)
at org.testng.SuiteRunner.privateRun(SuiteRunner.java:415)
at org.testng.SuiteRunner.run(SuiteRunner.java:364)
at org.testng.SuiteRunnerWorker.runSuite(SuiteRunnerWorker.java:52)
at org.testng.SuiteRunnerWorker.run(SuiteRunnerWorker.java:84)
at org.testng.TestNG.runSuitesSequentially(TestNG.java:1208)
at org.testng.TestNG.runSuitesLocally(TestNG.java:1137)
at org.testng.TestNG.runSuites(TestNG.java:1049)
at org.testng.TestNG.run(TestNG.java:1017)
at org.testng.remote.AbstractRemoteTestNG.run(AbstractRemoteTestNG.java:114)
at org.testng.remote.RemoteTestNG.initAndRun(RemoteTestNG.java:251)
at org.testng.remote.RemoteTestNG.main(RemoteTestNG.java:77)
]]>
    </error>
  </testcase> <!-- beforeClass -->
  <testcase classname="com.codebase.WebTestClass2" name="Test02_Verify_Google_Search_Button" time="0.000">
    <skipped/>
  </testcase> <!-- Test02_Verify_Google_Search_Button -->
  <testcase classname="com.codebase.WebTestClass2" name="Test03_Verify_Google_Feeling_Lucky_Button" time="0.000">
    <skipped/>
  </testcase> <!-- Test03_Verify_Google_Feeling_Lucky_Button -->
  <testcase classname="com.codebase.WebTestClass2" name="Test01_Verify_Google_Title" time="0.000">
    <skipped/>
  </testcase> <!-- Test01_Verify_Google_Title -->
  <testcase classname="com.codebase.WebTestClass2" name="Test04_Verify_Google_Field" time="0.000">
    <skipped/>
  </testcase> <!-- Test04_Verify_Google_Field -->
  <testcase classname="com.codebase.WebTestClass2" name="Test05_Type_In_Google_Field" time="0.000">
    <skipped/>
  </testcase> <!-- Test05_Type_In_Google_Field -->
</testsuite> <!-- com.codebase.WebTestClass2 -->
